<?xml version="1.0" encoding="UTF-8"?>
<!-- Generated by org.testng.reporters.JUnitReportReporter -->
<testsuite hostname="LTIN250709" failures="0" tests="17" name="com.testRunner.TestRunner" time="212.752" errors="0" timestamp="2024-02-29T17:08:23 IST" skipped="0">
  <testcase classname="com.testRunner.TestRunner" name="runScenario" time="11.662"/>
  <testcase classname="com.testRunner.TestRunner" name="runScenario" time="1.169"/>
  <testcase classname="com.testRunner.TestRunner" name="runScenario" time="15.975"/>
  <testcase classname="com.testRunner.TestRunner" name="runScenario" time="11.910"/>
  <testcase classname="com.testRunner.TestRunner" name="runScenario" time="7.090"/>
  <testcase classname="com.testRunner.TestRunner" name="runScenario" time="13.520"/>
  <testcase classname="com.testRunner.TestRunner" name="runScenario" time="6.372"/>
  <testcase classname="com.testRunner.TestRunner" name="runScenario" time="3.578"/>
  <testcase classname="com.testRunner.TestRunner" name="runScenario" time="11.792"/>
  <testcase classname="com.testRunner.TestRunner" name="runScenario" time="2.105"/>
  <testcase classname="com.testRunner.TestRunner" name="runScenario" time="8.488"/>
  <testcase classname="com.testRunner.TestRunner" name="runScenario" time="6.616"/>
  <testcase classname="com.testRunner.TestRunner" name="runScenario" time="46.863"/>
  <testcase classname="com.testRunner.TestRunner" name="runScenario" time="30.812"/>
  <testcase classname="com.testRunner.TestRunner" name="runScenario" time="13.922"/>
  <testcase classname="com.testRunner.TestRunner" name="runScenario" time="0.812"/>
  <testcase classname="com.testRunner.TestRunner" name="runScenario" time="20.066"/>
</testsuite> <!-- com.testRunner.TestRunner -->
