<?xml version="1.0" encoding="UTF-8"?>
<!-- Generated by org.testng.reporters.JUnitReportReporter -->
<testsuite hostname="LTIN250709" failures="0" tests="17" name="testRunner.TestRunner" time="251.936" errors="0" timestamp="2024-02-29T16:10:34 IST" skipped="0">
  <testcase classname="testRunner.TestRunner" name="runScenario" time="2.589"/>
  <testcase classname="testRunner.TestRunner" name="runScenario" time="47.351"/>
  <testcase classname="testRunner.TestRunner" name="runScenario" time="14.937"/>
  <testcase classname="testRunner.TestRunner" name="runScenario" time="0.478"/>
  <testcase classname="testRunner.TestRunner" name="runScenario" time="28.922"/>
  <testcase classname="testRunner.TestRunner" name="runScenario" time="8.584"/>
  <testcase classname="testRunner.TestRunner" name="runScenario" time="13.434"/>
  <testcase classname="testRunner.TestRunner" name="runScenario" time="24.718"/>
  <testcase classname="testRunner.TestRunner" name="runScenario" time="0.894"/>
  <testcase classname="testRunner.TestRunner" name="runScenario" time="5.623"/>
  <testcase classname="testRunner.TestRunner" name="runScenario" time="21.619"/>
  <testcase classname="testRunner.TestRunner" name="runScenario" time="19.948"/>
  <testcase classname="testRunner.TestRunner" name="runScenario" time="7.017"/>
  <testcase classname="testRunner.TestRunner" name="runScenario" time="4.961"/>
  <testcase classname="testRunner.TestRunner" name="runScenario" time="21.567"/>
  <testcase classname="testRunner.TestRunner" name="runScenario" time="15.640"/>
  <testcase classname="testRunner.TestRunner" name="runScenario" time="13.654"/>
</testsuite> <!-- testRunner.TestRunner -->
